WRN: Pool 'chef_rews' has been loaded, but is not attached to any existing data! This is probably a configuration error.
* If you intended to add this data to an existing Pool, please use an existing Pool name instead of 'chef_rews'.
* Did you mean to use the pool name 'fletcher_rews' instead of 'chef_rews'?
* Otherwise, please add 'chef_rews' to a Decree.
* NOTE: This data will not show up in game until one of the above fixes is made.
WRN: Pool 'carpenter_objs' has been loaded, but is not attached to any existing data! This is probably a configuration error.
* If you intended to add this data to an existing Pool, please use an existing Pool name instead of 'carpenter_objs'.
* Did you mean to use the pool name 'butcher_objs' instead of 'carpenter_objs'?
* Otherwise, please add 'carpenter_objs' to a Decree.
* NOTE: This data will not show up in game until one of the above fixes is made.
WRN: Pool 'carpenter_rews' has been loaded, but is not attached to any existing data! This is probably a configuration error.
* If you intended to add this data to an existing Pool, please use an existing Pool name instead of 'carpenter_rews'.
* Otherwise, please add 'carpenter_rews' to a Decree.
* NOTE: This data will not show up in game until one of the above fixes is made.
WRN: Pool 'chef_objs' has been loaded, but is not attached to any existing data! This is probably a configuration error.
* If you intended to add this data to an existing Pool, please use an existing Pool name instead of 'chef_objs'.
* Did you mean to use the pool name 'fletcher_objs' instead of 'chef_objs'?
* Otherwise, please add 'chef_objs' to a Decree.
* NOTE: This data will not show up in game until one of the above fixes is made.
WRN: Decree 'armorer' top value rewards cannot be matched with equivalent objectives. This will result in uneven bounties. Consider adding more high value objectives or lowering the value of your rewards.
* Top Rewards: armorer_rews.nether_chest (48000.0), armorer_rews.nether_legs (42000.0) total up to: 90000.0
* Top Objs: _metal_objs.raw_iron (28800.0) total up to: 28800.0
WRN: Decree 'butcher' top value rewards cannot be matched with equivalent objectives. This will result in uneven bounties. Consider adding more high value objectives or lowering the value of your rewards.
* Top Rewards: _all_rews.f (24000.0), _all_rews.e (19200.0) total up to: 43200.0
* Top Objs: _all_objs.f (24000.0) total up to: 24000.0
WRN: Decree 'cleric' top value rewards cannot be matched with equivalent objectives. This will result in uneven bounties. Consider adding more high value objectives or lowering the value of your rewards.
* Top Rewards: _all_rews.f (24000.0), _all_rews.e (19200.0) total up to: 43200.0
* Top Objs: _all_objs.f (24000.0) total up to: 24000.0
WRN: Decree 'farmer' top value rewards cannot be matched with equivalent objectives. This will result in uneven bounties. Consider adding more high value objectives or lowering the value of your rewards.
* Top Rewards: _all_rews.f (24000.0), _all_rews.e (19200.0) total up to: 43200.0
* Top Objs: _all_objs.f (24000.0) total up to: 24000.0
WRN: Decree 'fisherman' top value rewards cannot be matched with equivalent objectives. This will result in uneven bounties. Consider adding more high value objectives or lowering the value of your rewards.
* Top Rewards: fisherman_rews.tide_iron_hook (24800.0), _all_rews.f (24000.0) total up to: 48800.0
* Top Objs: _all_objs.f (24000.0) total up to: 24000.0
WRN: Decree 'fletcher' top value rewards cannot be matched with equivalent objectives. This will result in uneven bounties. Consider adding more high value objectives or lowering the value of your rewards.
* Top Rewards: _all_rews.f (24000.0), _all_rews.e (19200.0) total up to: 43200.0
* Top Objs: _all_objs.f (24000.0) total up to: 24000.0
WRN: Decree 'inventor' top value rewards cannot be matched with equivalent objectives. This will result in uneven bounties. Consider adding more high value objectives or lowering the value of your rewards.
* Top Rewards: _all_rews.f (24000.0), _all_rews.e (19200.0) total up to: 43200.0
* Top Objs: inventor_objs.hopper (30000.0) total up to: 30000.0
WRN: Decree 'leatherer' top value rewards cannot be matched with equivalent objectives. This will result in uneven bounties. Consider adding more high value objectives or lowering the value of your rewards.
* Top Rewards: _all_rews.f (24000.0), _all_rews.e (19200.0) total up to: 43200.0
* Top Objs: _all_objs.f (24000.0) total up to: 24000.0
WRN: Decree 'librarian' top value rewards cannot be matched with equivalent objectives. This will result in uneven bounties. Consider adding more high value objectives or lowering the value of your rewards.
* Top Rewards: _all_rews.f (24000.0), _all_rews.e (19200.0) total up to: 43200.0
* Top Objs: _all_objs.f (24000.0) total up to: 24000.0
WRN: Decree 'mapper' top value rewards cannot be matched with equivalent objectives. This will result in uneven bounties. Consider adding more high value objectives or lowering the value of your rewards.
* Top Rewards: _all_rews.f (24000.0), _all_rews.e (19200.0) total up to: 43200.0
* Top Objs: _all_objs.f (24000.0) total up to: 24000.0
WRN: Decree 'shepherd' top value rewards cannot be matched with equivalent objectives. This will result in uneven bounties. Consider adding more high value objectives or lowering the value of your rewards.
* Top Rewards: _all_rews.f (24000.0), _all_rews.e (19200.0) total up to: 43200.0
* Top Objs: _all_objs.f (24000.0) total up to: 24000.0
WRN: Decree 'toolsmith' top value rewards cannot be matched with equivalent objectives. This will result in uneven bounties. Consider adding more high value objectives or lowering the value of your rewards.
* Top Rewards: _all_rews.f (24000.0), _all_rews.e (19200.0) total up to: 43200.0
* Top Objs: _metal_objs.raw_iron (28800.0) total up to: 28800.0
